<?xml version="1.0" encoding="UTF-8"?>
<!-- Generated by org.testng.reporters.JUnitReportReporter -->
<testsuite hostname="DESKTOP-T89O3TR" failures="0" tests="1" name="com.juaracoding.test.authentication.SignInWithoutUsernameTest" time="8.238" errors="0" timestamp="2025-05-22T22:35:48 WIB" skipped="0">
  <testcase classname="com.juaracoding.test.authentication.SignInWithoutUsernameTest" name="testStep01" time="8.238"/>
</testsuite> <!-- com.juaracoding.test.authentication.SignInWithoutUsernameTest -->
