<?xml version="1.0" encoding="UTF-8"?>
<!-- Generated by org.testng.reporters.JUnitReportReporter -->
<testsuite hostname="DESKTOP-T89O3TR" failures="0" tests="1" name="com.juaracoding.test.FixQuizDragAndDropTest" time="32.948" errors="0" timestamp="2025-05-23T23:10:36 WIB" skipped="0">
  <testcase classname="com.juaracoding.test.FixQuizDragAndDropTest" name="praktikumMinggu02Test01" time="32.948"/>
</testsuite> <!-- com.juaracoding.test.FixQuizDragAndDropTest -->
