<?xml version="1.0" encoding="UTF-8"?>
<!-- Generated by org.testng.reporters.JUnitReportReporter -->
<testsuite hostname="DESKTOP-T89O3TR" failures="0" tests="1" name="com.juaracoding.test.FixQuizDragAndDropTest" time="48.472" errors="0" timestamp="2025-05-26T22:09:09 WIB" skipped="0">
  <testcase classname="com.juaracoding.test.FixQuizDragAndDropTest" name="praktikumMinggu02Test01" time="48.472">
    <system-out>
      <![CDATA[<a href='D:\SQA juaracoding\selenium-java-fundamental-batch22/screenshots/praktikumMinggu02Test01_before.png' target='_blank'>Screnshoot</a>
<br /><img src='D:\SQA juaracoding\selenium-java-fundamental-batch22/screenshots/praktikumMinggu02Test01_before.png' style='width: 20vw;' />
<a href='D:\SQA juaracoding\selenium-java-fundamental-batch22/screenshots/praktikumMinggu02Test01_after.png' target='_blank'>Screnshoot</a>
<br /><img src='D:\SQA juaracoding\selenium-java-fundamental-batch22/screenshots/praktikumMinggu02Test01_after.png' style='width: 20vw;' />]]>
    </system-out>
  </testcase> <!-- praktikumMinggu02Test01 -->
  <system-out>
    <![CDATA[<a href='D:\SQA juaracoding\selenium-java-fundamental-batch22/screenshots/setup_before.png' target='_blank'>Screnshoot</a>
<br /><img src='D:\SQA juaracoding\selenium-java-fundamental-batch22/screenshots/setup_before.png' style='width: 20vw;' />
<a href='D:\SQA juaracoding\selenium-java-fundamental-batch22/screenshots/setup_after.png' target='_blank'>Screnshoot</a>
<br /><img src='D:\SQA juaracoding\selenium-java-fundamental-batch22/screenshots/setup_after.png' style='width: 20vw;' />
<a href='D:\SQA juaracoding\selenium-java-fundamental-batch22/screenshots/init_before.png' target='_blank'>Screnshoot</a>
<br /><img src='D:\SQA juaracoding\selenium-java-fundamental-batch22/screenshots/init_before.png' style='width: 20vw;' />
<a href='D:\SQA juaracoding\selenium-java-fundamental-batch22/screenshots/init_after.png' target='_blank'>Screnshoot</a>
<br /><img src='D:\SQA juaracoding\selenium-java-fundamental-batch22/screenshots/init_after.png' style='width: 20vw;' />
<a href='D:\SQA juaracoding\selenium-java-fundamental-batch22/screenshots/praktikumMinggu02Test01_before.png' target='_blank'>Screnshoot</a>
<br /><img src='D:\SQA juaracoding\selenium-java-fundamental-batch22/screenshots/praktikumMinggu02Test01_before.png' style='width: 20vw;' />
<a href='D:\SQA juaracoding\selenium-java-fundamental-batch22/screenshots/praktikumMinggu02Test01_after.png' target='_blank'>Screnshoot</a>
<br /><img src='D:\SQA juaracoding\selenium-java-fundamental-batch22/screenshots/praktikumMinggu02Test01_after.png' style='width: 20vw;' />]]>
  </system-out>
</testsuite> <!-- com.juaracoding.test.FixQuizDragAndDropTest -->
