<?xml version="1.0" encoding="UTF-8"?>
<!-- Generated by org.testng.reporters.JUnitReportReporter -->
<testsuite hostname="DESKTOP-T89O3TR" failures="0" tests="1" name="com.juaracoding.test.QuizDragDropTest" time="9.333" errors="0" timestamp="2025-05-23T20:41:10 WIB" skipped="0">
  <testcase classname="com.juaracoding.test.QuizDragDropTest" name="praktikumMinggu02Test" time="9.333"/>
</testsuite> <!-- com.juaracoding.test.QuizDragDropTest -->
